#
# There is insufficient memory for the Java Runtime Environment to continue.
# Native memory allocation (mmap) failed to map 65536 bytes for Failed to commit metaspace.
# Possible reasons:
#   The system is out of physical RAM or swap space
#   The process is running with CompressedOops enabled, and the Java Heap may be blocking the growth of the native heap
# Possible solutions:
#   Reduce memory load on the system
#   Increase physical memory or swap space
#   Check if swap backing store is full
#   Decrease Java heap size (-Xmx/-Xms)
#   Decrease number of Java threads
#   Decrease Java thread stack sizes (-Xss)
#   Set larger code cache with -XX:ReservedCodeCacheSize=
#   JVM is running with Zero Based Compressed Oops mode in which the Java heap is
#     placed in the first 32GB address space. The Java Heap base address is the
#     maximum limit for the native heap growth. Please use -XX:HeapBaseMinAddress
#     to set the Java Heap base and to place the Java Heap above 32GB virtual address.
# This output file may be truncated or incomplete.
#
#  Out of Memory Error (virtualSpaceNode.cpp:112), pid=198604, tid=199508
#
# JRE version: Java(TM) SE Runtime Environment (21.0.2+13) (build 21.0.2+13-LTS-58)
# Java VM: Java HotSpot(TM) 64-Bit Server VM (21.0.2+13-LTS-58, mixed mode, sharing, tiered, compressed oops, compressed class ptrs, g1 gc, windows-amd64)
# No core dump will be written. Minidumps are not enabled by default on client versions of Windows
#

---------------  S U M M A R Y ------------

Command Line: -ea -Didea.test.cyclic.buffer.size=1048576 -javaagent:D:\New folder\IntelliJ IDEA 2024.3.1.1\lib\idea_rt.jar=58224:D:\New folder\IntelliJ IDEA 2024.3.1.1\bin -javaagent:C:\Users\topla\AppData\Local\JetBrains\IntelliJIdea2024.3\captureAgent\debugger-agent.jar -Dkotlinx.coroutines.debug.enable.creation.stack.trace=false -Ddebugger.agent.enable.coroutines=true -Dkotlinx.coroutines.debug.enable.flows.stack.trace=true -Dkotlinx.coroutines.debug.enable.mutable.state.flows.stack.trace=true -Dfile.encoding=UTF-8 -Dsun.stdout.encoding=UTF-8 -Dsun.stderr.encoding=UTF-8 com.intellij.rt.testng.RemoteTestNGStarter -usedefaultlisteners false -socket58223 @w@C:\Users\topla\AppData\Local\Temp\idea_working_dirs_testng.tmp -temp C:\Users\topla\AppData\Local\Temp\idea_testng.tmp

Host: Intel(R) Core(TM) i5-9300H CPU @ 2.40GHz, 8 cores, 15G,  Windows 11 , 64 bit Build 22621 (10.0.22621.5415)
Time: Thu Aug 14 18:45:56 2025 Georgian Standard Time elapsed time: 6.039963 seconds (0d 0h 0m 6s)

---------------  T H R E A D  ---------------

Current thread (0x00000244f72d9660):  JavaThread "Forwarding isElementEnabled on session 9e324b8c54026fccf9645006c0d73bd9 to remote"        [_thread_in_vm, id=199508, stack(0x0000008d49a00000,0x0000008d49b00000) (1024K)]

Stack: [0x0000008d49a00000,0x0000008d49b00000]
Native frames: (J=compiled Java code, j=interpreted, Vv=VM code, C=native code)
V  [jvm.dll+0x6cade9]
V  [jvm.dll+0x8569c1]
V  [jvm.dll+0x858d2e]
V  [jvm.dll+0x859413]
V  [jvm.dll+0x280e56]
V  [jvm.dll+0x8526ee]
V  [jvm.dll+0x66e705]
V  [jvm.dll+0x66e76a]
V  [jvm.dll+0x670f96]
V  [jvm.dll+0x670e62]
V  [jvm.dll+0x66f0de]
V  [jvm.dll+0x26e7da]
V  [jvm.dll+0x72038f]
V  [jvm.dll+0x720e9f]
V  [jvm.dll+0x3c2e8f]
V  [jvm.dll+0x3c1f37]
V  [jvm.dll+0x3c1ed8]
V  [jvm.dll+0x5d4219]
V  [jvm.dll+0x5d311c]
V  [jvm.dll+0x3d7870]
V  [jvm.dll+0x3d6eed]
C  0x000002448f8e9735

The last pc belongs to invokestatic (printed below).
Java frames: (J=compiled Java code, j=interpreted, Vv=VM code)
j  org.openqa.selenium.net.Urls.urlEncode(Ljava/lang/String;)Ljava/lang/String;+4
j  org.openqa.selenium.remote.codec.AbstractHttpCommandCodec.getParameter(Ljava/lang/String;Ljava/lang/String;Lorg/openqa/selenium/remote/SessionId;Ljava/util/Map;)Ljava/lang/String;+79
j  org.openqa.selenium.remote.codec.AbstractHttpCommandCodec.buildUri(Ljava/lang/String;Lorg/openqa/selenium/remote/SessionId;Ljava/util/Map;Lorg/openqa/selenium/remote/codec/AbstractHttpCommandCodec$CommandSpec;)Ljava/lang/String;+86
j  org.openqa.selenium.remote.codec.AbstractHttpCommandCodec.encode(Lorg/openqa/selenium/remote/Command;)Lorg/openqa/selenium/remote/http/HttpRequest;+72
j  org.openqa.selenium.remote.codec.AbstractHttpCommandCodec.encode(Lorg/openqa/selenium/remote/Command;)Ljava/lang/Object;+2
j  org.openqa.selenium.remote.HttpCommandExecutor.execute(Lorg/openqa/selenium/remote/Command;)Lorg/openqa/selenium/remote/Response;+255
j  org.openqa.selenium.remote.service.DriverCommandExecutor.invokeExecute(Lorg/openqa/selenium/remote/Command;)Lorg/openqa/selenium/remote/Response;+2
j  org.openqa.selenium.remote.service.DriverCommandExecutor.execute(Lorg/openqa/selenium/remote/Command;)Lorg/openqa/selenium/remote/Response;+195
j  org.openqa.selenium.remote.RemoteWebDriver.execute(Lorg/openqa/selenium/remote/CommandPayload;)Lorg/openqa/selenium/remote/Response;+77
j  org.openqa.selenium.remote.RemoteWebElement.execute(Lorg/openqa/selenium/remote/CommandPayload;)Lorg/openqa/selenium/remote/Response;+5
j  org.openqa.selenium.remote.RemoteWebElement.isEnabled()Z+8
j  com.codeborne.selenide.conditions.Enabled.check(Lcom/codeborne/selenide/Driver;Lorg/openqa/selenium/WebElement;)Lcom/codeborne/selenide/CheckResult;+1
j  com.codeborne.selenide.conditions.And.check(Lcom/codeborne/selenide/Driver;Lorg/openqa/selenium/WebElement;)Lcom/codeborne/selenide/CheckResult;+45
j  com.codeborne.selenide.impl.WebElementSource.checkConditionAndReturnElement(Ljava/lang/String;Lcom/codeborne/selenide/WebElementCondition;Z)Lorg/openqa/selenium/WebElement;+37
j  com.codeborne.selenide.impl.WebElementSource.findAndAssertElementIsClickable()Lorg/openqa/selenium/WebElement;+7
j  com.codeborne.selenide.commands.Click.findElement(Lcom/codeborne/selenide/impl/WebElementSource;Z)Lorg/openqa/selenium/WebElement;+12
j  com.codeborne.selenide.commands.Click.execute(Lcom/codeborne/selenide/impl/WebElementSource;[Ljava/lang/Object;)V+17
j  com.codeborne.selenide.FluentCommand.execute(Lcom/codeborne/selenide/SelenideElement;Lcom/codeborne/selenide/impl/WebElementSource;[Ljava/lang/Object;)Lcom/codeborne/selenide/SelenideElement;+3
j  com.codeborne.selenide.FluentCommand.execute(Lcom/codeborne/selenide/SelenideElement;Lcom/codeborne/selenide/impl/WebElementSource;[Ljava/lang/Object;)Ljava/lang/Object;+4
j  com.codeborne.selenide.commands.Commands.execute(Ljava/lang/Object;Lcom/codeborne/selenide/impl/WebElementSource;Ljava/lang/String;[Ljava/lang/Object;)Ljava/lang/Object;+16
j  com.codeborne.selenide.impl.SelenideElementProxy.dispatchAndRetry(JJLjava/lang/Object;Ljava/lang/reflect/Method;[Ljava/lang/Object;)Ljava/lang/Object;+34
j  com.codeborne.selenide.impl.SelenideElementProxy.invoke(Ljava/lang/Object;Ljava/lang/reflect/Method;[Ljava/lang/Object;)Ljava/lang/Object;+105
j  jdk.proxy2.$Proxy7.click()V+9 jdk.proxy2
j  ge.tbc.testautomation.steps.TelerikMainSteps.clickAllProductsLink()V+7
j  ge.tbc.testautomation.tests.TelerikFileDownloadingTest.testTelerikFileDownloading()V+18
j  java.lang.invoke.LambdaForm$DMH+0x000002449b141800.invokeVirtual(Ljava/lang/Object;Ljava/lang/Object;)V+10 java.base@21.0.2
j  java.lang.invoke.LambdaForm$MH+0x000002449b142000.invoke(Ljava/lang/Object;Ljava/lang/Object;)Ljava/lang/Object;+31 java.base@21.0.2
j  java.lang.invoke.Invokers$Holder.invokeExact_MT(Ljava/lang/Object;Ljava/lang/Object;Ljava/lang/Object;)Ljava/lang/Object;+19 java.base@21.0.2
j  jdk.internal.reflect.DirectMethodHandleAccessor.invokeImpl(Ljava/lang/Object;[Ljava/lang/Object;)Ljava/lang/Object;+41 java.base@21.0.2
j  jdk.internal.reflect.DirectMethodHandleAccessor.invoke(Ljava/lang/Object;[Ljava/lang/Object;)Ljava/lang/Object;+23 java.base@21.0.2
j  java.lang.reflect.Method.invoke(Ljava/lang/Object;[Ljava/lang/Object;)Ljava/lang/Object;+102 java.base@21.0.2
j  org.testng.internal.invokers.MethodInvocationHelper.invokeMethod(Ljava/lang/reflect/Method;Ljava/lang/Object;[Ljava/lang/Object;)Ljava/lang/Object;+207
j  org.testng.internal.invokers.TestInvoker.invokeMethod(Lorg/testng/internal/invokers/TestMethodArguments;Lorg/testng/xml/XmlSuite;Lorg/testng/internal/invokers/ITestInvoker$FailureContext;)Lorg/testng/ITestResult;+1038
j  org.testng.internal.invokers.TestInvoker.invokeTestMethod(Lorg/testng/internal/invokers/TestMethodArguments;Lorg/testng/xml/XmlSuite;Lorg/testng/internal/invokers/ITestInvoker$FailureContext;)Lorg/testng/ITestResult;+16
j  org.testng.internal.invokers.MethodRunner.runInSequence(Lorg/testng/internal/invokers/TestMethodArguments;Lorg/testng/internal/invokers/ITestInvoker;Lorg/testng/ITestContext;Ljava/util/concurrent/atomic/AtomicInteger;Lorg/testng/internal/invokers/ITestInvoker$FailureContext;Ljava/util/Iterator;Z)Ljava/util/List;+127
j  org.testng.internal.invokers.TestInvoker$MethodInvocationAgent.invoke(I)I+384
j  org.testng.internal.invokers.TestInvoker.invokeTestMethods(Lorg/testng/ITestNGMethod;Lorg/testng/internal/ConfigurationGroupMethods;Ljava/lang/Object;Lorg/testng/ITestContext;)Ljava/util/List;+574
j  org.testng.internal.invokers.TestMethodWorker.invokeTestMethods(Lorg/testng/ITestNGMethod;Ljava/lang/Object;)V+14
j  org.testng.internal.invokers.TestMethodWorker.run()V+162
j  org.testng.TestRunner$$Lambda+0x000002449b19a248.accept(Ljava/lang/Object;)V+7
j  java.util.ArrayList.forEach(Ljava/util/function/Consumer;)V+46 java.base@21.0.2
j  org.testng.TestRunner.privateRun(Lorg/testng/xml/XmlTest;)V+325
j  org.testng.TestRunner.run()V+11
j  org.testng.SuiteRunner.runTest(Lorg/testng/TestRunner;)V+21
j  org.testng.SuiteRunner.runSequentially()V+31
j  org.testng.SuiteRunner.privateRun()V+341
j  org.testng.SuiteRunner.run()V+6
j  org.testng.SuiteRunnerWorker.runSuite(Lorg/testng/internal/invokers/SuiteRunnerMap;Lorg/testng/xml/XmlSuite;)V+56
j  org.testng.SuiteRunnerWorker.run()V+12
j  org.testng.TestNG.runSuitesSequentially(Lorg/testng/xml/XmlSuite;Lorg/testng/internal/invokers/SuiteRunnerMap;ILjava/lang/String;)V+66
j  org.testng.TestNG.runSuitesLocally()Ljava/util/List;+190
j  org.testng.TestNG.runSuites()Ljava/util/List;+1
j  org.testng.TestNG.run()V+25
j  com.intellij.rt.testng.IDEARemoteTestNG.run()V+270
j  com.intellij.rt.testng.RemoteTestNGStarter.main([Ljava/lang/String;)V+548
v  ~StubRoutines::call_stub 0x000002448f8d100d
invokestatic  184 invokestatic  [0x000002448f8e9680, 0x000002448f8e9928]  680 bytes
[MachCode]
  0x000002448f8e9680: 4883 ec08 | c5fa 1104 | 24eb 1f48 | 83ec 10c5 | fb11 0424 | eb14 4883 | ec10 4889 | 0424 48c7 
  0x000002448f8e96a0: 4424 0800 | 0000 00eb | 0150 4c89 | 6dc0 410f | b755 0148 | 8b4d d0c1 | e202 8b5c | d138 c1eb 
  0x000002448f8e96c0: 1081 e3ff | 0000 0081 | fbb8 0000 | 000f 84b4 | 0000 00bb | b800 0000 | e805 0000 | 00e9 9900 
  0x000002448f8e96e0: 0000 488b | d348 8d44 | 2408 4c89 | 6dc0 498b | cfc5 f877 | 4989 afa8 | 0300 0049 | 8987 9803 
  0x000002448f8e9700: 0000 4883 | ec20 40f6 | c40f 0f84 | 1900 0000 | 4883 ec08 | 48b8 806e | 6126 f87f | 0000 ffd0 
  0x000002448f8e9720: 4883 c408 | e90c 0000 | 0048 b880 | 6e61 26f8 | 7f00 00ff | d048 83c4 | 2049 c787 | 9803 0000 
  0x000002448f8e9740: 0000 0000 | 49c7 87a8 | 0300 0000 | 0000 0049 | c787 a003 | 0000 0000 | 0000 c5f8 | 7749 837f 
  0x000002448f8e9760: 0800 0f84 | 0500 0000 | e993 77fe | ff4c 8b6d | c04c 8b75 | c84e 8d74 | f500 c341 | 0fb7 5501 
  0x000002448f8e9780: 488b 4dd0 | c1e2 0248 | 8b5c d140 | 488b 5b08 | 488b 5b08 | 488b 5b18 | 80bb 2001 | 0000 050f 
  0x000002448f8e97a0: 840d 0000 | 004c 3bbb | 3001 0000 | 0f85 21ff | ffff 488b | 5cd1 408b | 54d1 50c1 | ea1c 49ba 
  0x000002448f8e97c0: 10c6 e826 | f87f 0000 | 498b 14d2 | 5248 8b45 | d848 85c0 | 0f84 1200 | 0000 4883 | 4008 0148 
  0x000002448f8e97e0: 8358 0800 | 4883 c010 | 4889 45d8 | 488b 45d8 | 4885 c00f | 8423 0100 | 0080 78f0 | 0a0f 8519 
  0x000002448f8e9800: 0100 0048 | 83c0 084c | 8b68 f841 | 83ed 0041 | 83fd 020f | 8cf8 0000 | 004c 8b6b | 0845 0fb7 
  0x000002448f8e9820: 6d2e 4c2b | 2841 83ed | 014e 8b6c | ec08 4d85 | ed75 0748 | 8348 0801 | eb4a 458b | 6d08 49ba 
  0x000002448f8e9840: 0000 009a | 4402 0000 | 4d03 ea4c | 3368 0849 | f7c5 fcff | ffff 742c | 41f6 c502 | 7526 4883 
  0x000002448f8e9860: 7808 0074 | 1b48 8378 | 0801 7414 | 4c33 6808 | 49f7 c5fc | ffff ff74 | 0b48 8348 | 0802 eb04 
  0x000002448f8e9880: 4c89 6808 | 4883 c010 | 4c8b 68e8 | 4183 ed02 | 4183 fd02 | 0f8c 7700 | 0000 4c8b | 6b08 450f 
  0x000002448f8e98a0: b76d 2e4c | 2b28 4183 | ed01 4e8b | 6cec 084d | 85ed 7507 | 4883 4808 | 01eb 4a45 | 8b6d 0849 
  0x000002448f8e98c0: ba00 0000 | 9a44 0200 | 004d 03ea | 4c33 6808 | 49f7 c5fc | ffff ff74 | 2c41 f6c5 | 0275 2648 
  0x000002448f8e98e0: 8378 0800 | 741b 4883 | 7808 0174 | 144c 3368 | 0849 f7c5 | fcff ffff | 740b 4883 | 4808 02eb 
  0x000002448f8e9900: 044c 8968 | 0848 83c0 | 104c 8b68 | d841 83ed | 0441 c1e5 | 0349 03c5 | 4889 45d8 | 4c8d 6c24 
  0x000002448f8e9920: 084c 896d | f0ff 6350 
[/MachCode]

---------------  P R O C E S S  ---------------

Threads class SMR info:
_java_thread_list=0x00000244e0ff3f60, length=35, elements={
0x00000244f72d9660, 0x00000244ff19b9c0, 0x00000244ff19c8b0, 0x00000244ff19e010,
0x00000244ff19ec70, 0x00000244ff1a5d70, 0x00000244ff1a4c00, 0x00000244ff1a67d0,
0x00000244ff1cd1a0, 0x00000244994db7c0, 0x0000024499750900, 0x0000024499729ab0,
0x00000244e0378830, 0x00000244e0377b10, 0x00000244e03781a0, 0x00000244dff622d0,
0x00000244dff643a0, 0x00000244dff60200, 0x00000244e149eae0, 0x00000244e14a18d0,
0x00000244e14a1240, 0x00000244e149f170, 0x00000244e149f800, 0x00000244e14a1f60,
0x00000244e149fe90, 0x00000244dff615b0, 0x00000244e14a0520, 0x00000244e199ecf0,
0x00000244e1999e30, 0x00000244e199bf00, 0x00000244e199c590, 0x00000244e1999110,
0x00000244e1997d60, 0x00000244e199f380, 0x00000244e02a49e0
}

Java Threads: ( => current thread )
=>0x00000244f72d9660 JavaThread "Forwarding isElementEnabled on session 9e324b8c54026fccf9645006c0d73bd9 to remote"        [_thread_in_vm, id=199508, stack(0x0000008d49a00000,0x0000008d49b00000) (1024K)]
  0x00000244ff19b9c0 JavaThread "Reference Handler"          daemon [_thread_blocked, id=195716, stack(0x0000008d4a200000,0x0000008d4a300000) (1024K)]
  0x00000244ff19c8b0 JavaThread "Finalizer"                  daemon [_thread_blocked, id=179996, stack(0x0000008d4a300000,0x0000008d4a400000) (1024K)]
  0x00000244ff19e010 JavaThread "Signal Dispatcher"          daemon [_thread_blocked, id=189988, stack(0x0000008d4a400000,0x0000008d4a500000) (1024K)]
  0x00000244ff19ec70 JavaThread "Attach Listener"            daemon [_thread_blocked, id=201608, stack(0x0000008d4a500000,0x0000008d4a600000) (1024K)]
  0x00000244ff1a5d70 JavaThread "Service Thread"             daemon [_thread_blocked, id=200304, stack(0x0000008d4a600000,0x0000008d4a700000) (1024K)]
  0x00000244ff1a4c00 JavaThread "Monitor Deflation Thread"   daemon [_thread_blocked, id=197464, stack(0x0000008d4a700000,0x0000008d4a800000) (1024K)]
  0x00000244ff1a67d0 JavaThread "C2 CompilerThread0"         daemon [_thread_blocked, id=154956, stack(0x0000008d4a800000,0x0000008d4a900000) (1024K)]
  0x00000244ff1cd1a0 JavaThread "C1 CompilerThread0"         daemon [_thread_blocked, id=199724, stack(0x0000008d4a900000,0x0000008d4aa00000) (1024K)]
  0x00000244994db7c0 JavaThread "Common-Cleaner"             daemon [_thread_blocked, id=196340, stack(0x0000008d4aa00000,0x0000008d4ab00000) (1024K)]
  0x0000024499750900 JavaThread "Monitor Ctrl-Break"         daemon [_thread_in_native, id=201424, stack(0x0000008d4ab00000,0x0000008d4ac00000) (1024K)]
  0x0000024499729ab0 JavaThread "Notification Thread"        daemon [_thread_blocked, id=189016, stack(0x0000008d4ac00000,0x0000008d4ad00000) (1024K)]
  0x00000244e0378830 JavaThread "RMI TCP Accept-0"           daemon [_thread_in_native, id=201632, stack(0x0000008d4b600000,0x0000008d4b700000) (1024K)]
  0x00000244e0377b10 JavaThread "RMI TCP Connection(1)-192.168.56.1" daemon [_thread_in_native, id=197452, stack(0x0000008d4b700000,0x0000008d4b800000) (1024K)]
  0x00000244e03781a0 JavaThread "RMI Scheduler(0)"           daemon [_thread_blocked, id=199876, stack(0x0000008d4b800000,0x0000008d4b900000) (1024K)]
  0x00000244dff622d0 JavaThread "JMX server connection timeout 33" daemon [_thread_blocked, id=185984, stack(0x0000008d4b900000,0x0000008d4ba00000) (1024K)]
  0x00000244dff643a0 JavaThread "ForkJoinPool.commonPool-worker-1" daemon [_thread_blocked, id=193784, stack(0x0000008d4ae00000,0x0000008d4af00000) (1024K)]
  0x00000244dff60200 JavaThread "HttpClient-1-SelectorManager" daemon [_thread_in_native, id=197144, stack(0x0000008d4bc00000,0x0000008d4bd00000) (1024K)]
  0x00000244e149eae0 JavaThread "External Process Output Forwarder - C:\Users\topla\.cache\selenium\chromedriver\win64\139.0.7258.68\chromedriver.exe" daemon [_thread_in_native, id=199092, stack(0x0000008d4bd00000,0x0000008d4be00000) (1024K)]
  0x00000244e14a18d0 JavaThread "Driver Service Executor"    daemon [_thread_blocked, id=187832, stack(0x0000008d4be00000,0x0000008d4bf00000) (1024K)]
  0x00000244e14a1240 JavaThread "Driver Service Executor"    daemon [_thread_in_native, id=183656, stack(0x0000008d4bf00000,0x0000008d4c000000) (1024K)]
  0x00000244e149f170 JavaThread "UrlChecker-2"               daemon [_thread_blocked, id=195924, stack(0x0000008d4c000000,0x0000008d4c100000) (1024K)]
  0x00000244e149f800 JavaThread "Keep-Alive-Timer"           daemon [_thread_blocked, id=188352, stack(0x0000008d4c200000,0x0000008d4c300000) (1024K)]
  0x00000244e14a1f60 JavaThread "JdkHttpClient-0-0"          daemon [_thread_blocked, id=200724, stack(0x0000008d4c300000,0x0000008d4c400000) (1024K)]
  0x00000244e149fe90 JavaThread "CompletableFutureDelayScheduler" daemon [_thread_blocked, id=196184, stack(0x0000008d4c400000,0x0000008d4c500000) (1024K)]
  0x00000244dff615b0 JavaThread "JdkHttpClient-0-1"          daemon [_thread_blocked, id=153520, stack(0x0000008d4c500000,0x0000008d4c600000) (1024K)]
  0x00000244e14a0520 JavaThread "JdkHttpClient-0-2"          daemon [_thread_blocked, id=192972, stack(0x0000008d4c600000,0x0000008d4c700000) (1024K)]
  0x00000244e199ecf0 JavaThread "JdkHttpClient-0-3"          daemon [_thread_blocked, id=198208, stack(0x0000008d4c700000,0x0000008d4c800000) (1024K)]
  0x00000244e1999e30 JavaThread "HttpClient-2-SelectorManager" daemon [_thread_in_native, id=196676, stack(0x0000008d4ad00000,0x0000008d4ae00000) (1024K)]
  0x00000244e199bf00 JavaThread "JdkHttpClient-1-0"          daemon [_thread_blocked, id=200784, stack(0x0000008d4ba00000,0x0000008d4bb00000) (1024K)]
  0x00000244e199c590 JavaThread "JdkHttpClient-1-1"          daemon [_thread_blocked, id=200968, stack(0x0000008d4c800000,0x0000008d4c900000) (1024K)]
  0x00000244e1999110 JavaThread "JdkHttpClient-1-2"          daemon [_thread_blocked, id=184724, stack(0x0000008d4c900000,0x0000008d4ca00000) (1024K)]
  0x00000244e1997d60 JavaThread "JdkHttpClient-1-3"          daemon [_thread_blocked, id=199844, stack(0x0000008d4ca00000,0x0000008d4cb00000) (1024K)]
  0x00000244e199f380 JavaThread "Dead threads watchdog"      daemon [_thread_blocked, id=201436, stack(0x0000008d4cb00000,0x0000008d4cc00000) (1024K)]
  0x00000244e02a49e0 JavaThread "C2 CompilerThread1"         daemon [_thread_in_native, id=199792, stack(0x0000008d4cc00000,0x0000008d4cd00000) (1024K)]
Total: 35

Other Threads:
  0x00000244ff17d6a0 VMThread "VM Thread"                           [id=177388, stack(0x0000008d4a100000,0x0000008d4a200000) (1024K)]
  0x00000244ff166e40 WatcherThread "VM Periodic Task Thread"        [id=201148, stack(0x0000008d4a000000,0x0000008d4a100000) (1024K)]
  0x00000244f94ad5f0 WorkerThread "GC Thread#0"                     [id=190148, stack(0x0000008d49b00000,0x0000008d49c00000) (1024K)]
  0x00000244dfaa38d0 WorkerThread "GC Thread#1"                     [id=196504, stack(0x0000008d4af00000,0x0000008d4b000000) (1024K)]
  0x00000244dfaa3c70 WorkerThread "GC Thread#2"                     [id=174280, stack(0x0000008d4b000000,0x0000008d4b100000) (1024K)]
  0x00000244dfb455e0 WorkerThread "GC Thread#3"                     [id=199320, stack(0x0000008d4b100000,0x0000008d4b200000) (1024K)]
  0x00000244dfb460c0 WorkerThread "GC Thread#4"                     [id=201152, stack(0x0000008d4b200000,0x0000008d4b300000) (1024K)]
  0x00000244dfb45980 WorkerThread "GC Thread#5"                     [id=201576, stack(0x0000008d4b300000,0x0000008d4b400000) (1024K)]
  0x00000244dfb46800 WorkerThread "GC Thread#6"                     [id=199800, stack(0x0000008d4b400000,0x0000008d4b500000) (1024K)]
  0x00000244dfb45d20 WorkerThread "GC Thread#7"                     [id=201584, stack(0x0000008d4b500000,0x0000008d4b600000) (1024K)]
  0x00000244f94be490 ConcurrentGCThread "G1 Main Marker"            [id=158100, stack(0x0000008d49c00000,0x0000008d49d00000) (1024K)]
  0x00000244f94bf730 WorkerThread "G1 Conc#0"                       [id=200952, stack(0x0000008d49d00000,0x0000008d49e00000) (1024K)]
  0x00000244e0507270 WorkerThread "G1 Conc#1"                       [id=198168, stack(0x0000008d4bb00000,0x0000008d4bc00000) (1024K)]
  0x00000244ff0351a0 ConcurrentGCThread "G1 Refine#0"               [id=195300, stack(0x0000008d49e00000,0x0000008d49f00000) (1024K)]
  0x00000244ff0369d0 ConcurrentGCThread "G1 Service"                [id=183832, stack(0x0000008d49f00000,0x0000008d4a000000) (1024K)]
Total: 15

Threads with active compile tasks:
C2 CompilerThread1     6082 2668       4       org.openqa.selenium.json.JsonOutput::lambda$asString$34 (37 bytes)
Total: 1

VM state: not at safepoint (normal execution)

VM Mutex/Monitor currently owned by a thread:  ([mutex/lock_event])
[0x00007ff826e7ace8] Metaspace_lock - owner thread: 0x00000244f72d9660

Heap address: 0x0000000702e00000, size: 4050 MB, Compressed Oops mode: Zero based, Oop shift amount: 3

CDS archive(s) mapped at: [0x000002449a000000-0x000002449ac90000-0x000002449ac90000), size 13172736, SharedBaseAddress: 0x000002449a000000, ArchiveRelocationMode: 1.
Compressed class space mapped at: 0x000002449b000000-0x00000244db000000, reserved size: 1073741824
Narrow klass base: 0x000002449a000000, Narrow klass shift: 0, Narrow klass range: 0x100000000

GC Precious Log:
 CardTable entry size: 512
 Card Set container configuration: InlinePtr #cards 4 size 8 Array Of Cards #cards 16 size 48 Howl #buckets 8 coarsen threshold 3686 Howl Bitmap #cards 512 size 80 coarsen threshold 460 Card regions per heap region 1 cards per card region 4096
 CPUs: 8 total, 8 available
 Memory: 16197M
 Large Page Support: Disabled
 NUMA Support: Disabled
 Compressed Oops: Enabled (Zero based)
 Heap Region Size: 2M
 Heap Min Capacity: 8M
 Heap Initial Capacity: 254M
 Heap Max Capacity: 4050M
 Pre-touch: Disabled
 Parallel Workers: 8
 Concurrent Workers: 2
 Concurrent Refinement Workers: 8
 Periodic GC: Disabled

Heap:
 garbage-first heap   total 40960K, used 25808K [0x0000000702e00000, 0x0000000800000000)
  region size 2048K, 11 young (22528K), 2 survivors (4096K)
 Metaspace       used 25410K, committed 25920K, reserved 1114112K
  class space    used 2957K, committed 3200K, reserved 1048576K

Heap Regions: E=young(eden), S=young(survivor), O=old, HS=humongous(starts), HC=humongous(continues), CS=collection set, F=free, TAMS=top-at-mark-start, PB=parsable bottom
|   0|0x0000000702e00000, 0x0000000703000000, 0x0000000703000000|100%| O|  |TAMS 0x0000000702e00000| PB 0x0000000702e00000| Untracked 
|   1|0x0000000703000000, 0x0000000703200000, 0x0000000703200000|100%| O|  |TAMS 0x0000000703000000| PB 0x0000000703000000| Untracked 
|   2|0x0000000703200000, 0x00000007033546c8, 0x0000000703400000| 66%| O|Cm|TAMS 0x0000000703200000| PB 0x0000000703200000| Complete 
|   3|0x0000000703400000, 0x0000000703400000, 0x0000000703600000|  0%| F|  |TAMS 0x0000000703400000| PB 0x0000000703400000| Untracked 
|   4|0x0000000703600000, 0x0000000703600000, 0x0000000703800000|  0%| F|  |TAMS 0x0000000703600000| PB 0x0000000703600000| Untracked 
|   5|0x0000000703800000, 0x0000000703800000, 0x0000000703a00000|  0%| F|  |TAMS 0x0000000703800000| PB 0x0000000703800000| Untracked 
|   6|0x0000000703a00000, 0x0000000703a00000, 0x0000000703c00000|  0%| F|  |TAMS 0x0000000703a00000| PB 0x0000000703a00000| Untracked 
|   7|0x0000000703c00000, 0x0000000703c00000, 0x0000000703e00000|  0%| F|  |TAMS 0x0000000703c00000| PB 0x0000000703c00000| Untracked 
|   8|0x0000000703e00000, 0x0000000703e00000, 0x0000000704000000|  0%| F|  |TAMS 0x0000000703e00000| PB 0x0000000703e00000| Untracked 
|   9|0x0000000704000000, 0x0000000704200000, 0x0000000704200000|100%| E|  |TAMS 0x0000000704000000| PB 0x0000000704000000| Complete 
|  10|0x0000000704200000, 0x0000000704400000, 0x0000000704400000|100%| E|CS|TAMS 0x0000000704200000| PB 0x0000000704200000| Complete 
|  11|0x0000000704400000, 0x0000000704600000, 0x0000000704600000|100%| E|CS|TAMS 0x0000000704400000| PB 0x0000000704400000| Complete 
|  12|0x0000000704600000, 0x0000000704800000, 0x0000000704800000|100%| E|CS|TAMS 0x0000000704600000| PB 0x0000000704600000| Complete 
|  13|0x0000000704800000, 0x0000000704a00000, 0x0000000704a00000|100%| E|CS|TAMS 0x0000000704800000| PB 0x0000000704800000| Complete 
|  14|0x0000000704a00000, 0x0000000704c00000, 0x0000000704c00000|100%| E|CS|TAMS 0x0000000704a00000| PB 0x0000000704a00000| Complete 
|  15|0x0000000704c00000, 0x0000000704e00000, 0x0000000704e00000|100%| E|CS|TAMS 0x0000000704c00000| PB 0x0000000704c00000| Complete 
|  16|0x0000000704e00000, 0x0000000705000000, 0x0000000705000000|100%| E|CS|TAMS 0x0000000704e00000| PB 0x0000000704e00000| Complete 
| 121|0x0000000712000000, 0x00000007121dfa10, 0x0000000712200000| 93%| S|CS|TAMS 0x0000000712000000| PB 0x0000000712000000| Complete 
| 122|0x0000000712200000, 0x0000000712400000, 0x0000000712400000|100%| S|CS|TAMS 0x0000000712200000| PB 0x0000000712200000| Complete 
| 126|0x0000000712a00000, 0x0000000712c00000, 0x0000000712c00000|100%| E|CS|TAMS 0x0000000712a00000| PB 0x0000000712a00000| Complete 

Card table byte_map: [0x00000244fa020000,0x00000244fa810000] _byte_map_base: 0x00000244f6809000

Marking Bits: (CMBitMap*) 0x00000244f94adcf0
 Bits: [0x00000244fa810000, 0x00000244fe758000)

Polling page: 0x00000244f8c00000

Metaspace:

Usage:
  Non-class:     21.93 MB used.
      Class:      2.89 MB used.
       Both:     24.82 MB used.

Virtual space:
  Non-class space:       64.00 MB reserved,      22.19 MB ( 35%) committed,  1 nodes.
      Class space:        1.00 GB reserved,       3.12 MB ( <1%) committed,  1 nodes.
             Both:        1.06 GB reserved,      25.31 MB (  2%) committed. 

Chunk freelists:
   Non-Class:  9.42 MB
       Class:  12.78 MB
        Both:  22.20 MB

MaxMetaspaceSize: unlimited
CompressedClassSpaceSize: 1.00 GB
Initial GC threshold: 21.00 MB
Current GC threshold: 35.31 MB
CDS: on
 - commit_granule_bytes: 65536.
 - commit_granule_words: 8192.
 - virtual_space_node_default_size: 8388608.
 - enlarge_chunks_in_place: 1.
 - use_allocation_guard: 0.


Internal statistics:

num_allocs_failed_limit: 3.
num_arena_births: 636.
num_arena_deaths: 0.
num_vsnodes_births: 2.
num_vsnodes_deaths: 0.
num_space_committed: 405.
num_space_uncommitted: 0.
num_chunks_returned_to_freelist: 3.
num_chunks_taken_from_freelist: 1215.
num_chunk_merges: 3.
num_chunk_splits: 715.
num_chunks_enlarged: 372.
num_inconsistent_stats: 0.

CodeHeap 'non-profiled nmethods': size=120000Kb used=1115Kb max_used=1115Kb free=118884Kb
 bounds [0x000002448fe70000, 0x00000244900e0000, 0x00000244973a0000]
CodeHeap 'profiled nmethods': size=120000Kb used=5115Kb max_used=5115Kb free=114884Kb
 bounds [0x00000244883a0000, 0x00000244888a0000, 0x000002448f8d0000]
CodeHeap 'non-nmethods': size=5760Kb used=1556Kb max_used=1594Kb free=4203Kb
 bounds [0x000002448f8d0000, 0x000002448fb40000, 0x000002448fe70000]
 total_blobs=3292 nmethods=2675 adapters=521
 compilation: enabled
              stopped_count=0, restarted_count=0
 full_count=0

Compilation events (20 events):
Event: 6.013 Thread 0x00000244ff1cd1a0 2671       3       java.util.concurrent.CompletableFuture$Completion::<init> (5 bytes)
Event: 6.013 Thread 0x00000244ff1cd1a0 nmethod 2671 0x000002448889b010 code [0x000002448889b1c0, 0x000002448889b388]
Event: 6.013 Thread 0x00000244ff1cd1a0 2672       3       jdk.internal.net.http.HttpClientImpl::isSelectorThread (16 bytes)
Event: 6.013 Thread 0x00000244ff1cd1a0 nmethod 2672 0x000002448889b490 code [0x000002448889b640, 0x000002448889b7c8]
Event: 6.016 Thread 0x00000244e02a49e0 nmethod 2665 0x000002448ff7e890 code [0x000002448ff7ea40, 0x000002448ff7ed78]
Event: 6.016 Thread 0x00000244e02a49e0 2666       4       java.lang.Integer::hashCode (8 bytes)
Event: 6.017 Thread 0x00000244e02a49e0 nmethod 2666 0x000002448ff7f010 code [0x000002448ff7f1a0, 0x000002448ff7f228]
Event: 6.017 Thread 0x00000244e02a49e0 2667       4       org.openqa.selenium.json.JsonOutput$$Lambda/0x000002449b28c240::accept (9 bytes)
Event: 6.025 Thread 0x00000244ff1cd1a0 2673       3       java.util.concurrent.CompletableFuture::unipush (44 bytes)
Event: 6.026 Thread 0x00000244ff1cd1a0 nmethod 2673 0x000002448889b890 code [0x000002448889ba80, 0x000002448889bfa0]
Event: 6.026 Thread 0x00000244ff1cd1a0 2674       3       java.util.concurrent.CompletableFuture$UniCompletion::<init> (20 bytes)
Event: 6.026 Thread 0x00000244ff1cd1a0 nmethod 2674 0x000002448889c110 code [0x000002448889c2c0, 0x000002448889c610]
Event: 6.026 Thread 0x00000244ff1cd1a0 2675       3       org.openqa.selenium.json.JsonInput::expect (144 bytes)
Event: 6.027 Thread 0x00000244ff1cd1a0 nmethod 2675 0x000002448889c710 code [0x000002448889ca20, 0x000002448889d9d0]
Event: 6.027 Thread 0x00000244ff1cd1a0 2676       3       org.openqa.selenium.json.JsonTypeCoercer::coerce (43 bytes)
Event: 6.027 Thread 0x00000244ff1cd1a0 nmethod 2676 0x000002448889de90 code [0x000002448889e0e0, 0x000002448889eaa8]
Event: 6.030 Thread 0x00000244e02a49e0 nmethod 2667 0x000002448ff7f310 code [0x000002448ff7f540, 0x000002448ff80058]
Event: 6.030 Thread 0x00000244e02a49e0 2668       4       org.openqa.selenium.json.JsonOutput::lambda$asString$34 (37 bytes)
Event: 6.032 Thread 0x00000244ff1cd1a0 2677       1       java.util.AbstractMap$SimpleImmutableEntry::getKey (5 bytes)
Event: 6.032 Thread 0x00000244ff1cd1a0 nmethod 2677 0x000002448ff80710 code [0x000002448ff808a0, 0x000002448ff80970]

GC Heap History (6 events):
Event: 0.499 GC heap before
{Heap before GC invocations=0 (full 0):
 garbage-first heap   total 260096K, used 22528K [0x0000000702e00000, 0x0000000800000000)
  region size 2048K, 11 young (22528K), 0 survivors (0K)
 Metaspace       used 9892K, committed 10112K, reserved 1114112K
  class space    used 988K, committed 1088K, reserved 1048576K
}
Event: 0.504 GC heap after
{Heap after GC invocations=1 (full 0):
 garbage-first heap   total 260096K, used 5703K [0x0000000702e00000, 0x0000000800000000)
  region size 2048K, 2 young (4096K), 2 survivors (4096K)
 Metaspace       used 9892K, committed 10112K, reserved 1114112K
  class space    used 988K, committed 1088K, reserved 1048576K
}
Event: 1.365 GC heap before
{Heap before GC invocations=1 (full 0):
 garbage-first heap   total 260096K, used 34375K [0x0000000702e00000, 0x0000000800000000)
  region size 2048K, 16 young (32768K), 2 survivors (4096K)
 Metaspace       used 19137K, committed 19648K, reserved 1114112K
  class space    used 2139K, committed 2368K, reserved 1048576K
}
Event: 1.370 GC heap after
{Heap after GC invocations=2 (full 0):
 garbage-first heap   total 260096K, used 8769K [0x0000000702e00000, 0x0000000800000000)
  region size 2048K, 2 young (4096K), 2 survivors (4096K)
 Metaspace       used 19137K, committed 19648K, reserved 1114112K
  class space    used 2139K, committed 2368K, reserved 1048576K
}
Event: 1.474 GC heap before
{Heap before GC invocations=2 (full 0):
 garbage-first heap   total 260096K, used 14913K [0x0000000702e00000, 0x0000000800000000)
  region size 2048K, 6 young (12288K), 2 survivors (4096K)
 Metaspace       used 21094K, committed 21504K, reserved 1114112K
  class space    used 2354K, committed 2560K, reserved 1048576K
}
Event: 1.477 GC heap after
{Heap after GC invocations=3 (full 0):
 garbage-first heap   total 260096K, used 9424K [0x0000000702e00000, 0x0000000800000000)
  region size 2048K, 2 young (4096K), 2 survivors (4096K)
 Metaspace       used 21094K, committed 21504K, reserved 1114112K
  class space    used 2354K, committed 2560K, reserved 1048576K
}

Dll operation events (13 events):
Event: 0.010 Loaded shared library C:\Program Files\Java\jdk-21\bin\java.dll
Event: 0.011 Loaded shared library C:\Program Files\Java\jdk-21\bin\zip.dll
Event: 0.050 Loaded shared library C:\Program Files\Java\jdk-21\bin\jsvml.dll
Event: 0.125 Loaded shared library C:\Program Files\Java\jdk-21\bin\instrument.dll
Event: 0.129 Loaded shared library C:\Program Files\Java\jdk-21\bin\net.dll
Event: 0.130 Loaded shared library C:\Program Files\Java\jdk-21\bin\nio.dll
Event: 0.134 Loaded shared library C:\Program Files\Java\jdk-21\bin\zip.dll
Event: 0.140 Loaded shared library D:\New folder\IntelliJ IDEA 2024.3.1.1\bin\breakgen64.dll
Event: 0.148 Loaded shared library C:\Program Files\Java\jdk-21\bin\extnet.dll
Event: 0.214 Loaded shared library C:\Program Files\Java\jdk-21\bin\jimage.dll
Event: 0.308 Loaded shared library C:\Program Files\Java\jdk-21\bin\management.dll
Event: 0.324 Loaded shared library C:\Program Files\Java\jdk-21\bin\management_ext.dll
Event: 1.450 Loaded shared library C:\Program Files\Java\jdk-21\bin\sunmscapi.dll

Deoptimization events (20 events):
Event: 2.510 Thread 0x00000244f72d9660 Uncommon trap: trap_request=0xffffffde fr.pc=0x000002448ff60e0c relative=0x00000000000001cc
Event: 2.510 Thread 0x00000244f72d9660 Uncommon trap: reason=class_check action=maybe_recompile pc=0x000002448ff60e0c method=org.openqa.selenium.json.Input.fill()Z @ 85 c2
Event: 2.510 Thread 0x00000244f72d9660 DEOPT PACKING pc=0x000002448ff60e0c sp=0x0000008d49afd3d0
Event: 2.510 Thread 0x00000244f72d9660 DEOPT UNPACKING pc=0x000002448f9246a2 sp=0x0000008d49afd370 mode 2
Event: 5.662 Thread 0x00000244f72d9660 Uncommon trap: trap_request=0xffffffde fr.pc=0x000002448ff60e0c relative=0x00000000000001cc
Event: 5.662 Thread 0x00000244f72d9660 Uncommon trap: reason=class_check action=maybe_recompile pc=0x000002448ff60e0c method=org.openqa.selenium.json.Input.fill()Z @ 85 c2
Event: 5.662 Thread 0x00000244f72d9660 DEOPT PACKING pc=0x000002448ff60e0c sp=0x0000008d49afd9b0
Event: 5.662 Thread 0x00000244f72d9660 DEOPT UNPACKING pc=0x000002448f9246a2 sp=0x0000008d49afd950 mode 2
Event: 5.707 Thread 0x00000244f72d9660 Uncommon trap: trap_request=0xffffff45 fr.pc=0x000002448ff72f0c relative=0x000000000000032c
Event: 5.707 Thread 0x00000244f72d9660 Uncommon trap: reason=unstable_if action=reinterpret pc=0x000002448ff72f0c method=jdk.internal.jimage.ImageStringsReader.stringFromByteBufferMatches(Ljava/nio/ByteBuffer;ILjava/lang/String;I)I @ 48 c2
Event: 5.707 Thread 0x00000244f72d9660 DEOPT PACKING pc=0x000002448ff72f0c sp=0x0000008d49afbce0
Event: 5.707 Thread 0x00000244f72d9660 DEOPT UNPACKING pc=0x000002448f9246a2 sp=0x0000008d49afbc58 mode 2
Event: 6.032 Thread 0x00000244f72d9660 Uncommon trap: trap_request=0xffffff45 fr.pc=0x000002448fe9a69c relative=0x00000000000000fc
Event: 6.032 Thread 0x00000244f72d9660 Uncommon trap: reason=unstable_if action=reinterpret pc=0x000002448fe9a69c method=java.util.HashMap.hash(Ljava/lang/Object;)I @ 1 c2
Event: 6.032 Thread 0x00000244f72d9660 DEOPT PACKING pc=0x000002448fe9a69c sp=0x0000008d49afc970
Event: 6.032 Thread 0x00000244f72d9660 DEOPT UNPACKING pc=0x000002448f9246a2 sp=0x0000008d49afc8b0 mode 2
Event: 6.032 Thread 0x00000244f72d9660 Uncommon trap: trap_request=0xffffff45 fr.pc=0x000002448feee4d4 relative=0x00000000000000b4
Event: 6.032 Thread 0x00000244f72d9660 Uncommon trap: reason=unstable_if action=reinterpret pc=0x000002448feee4d4 method=java.util.HashMap.hash(Ljava/lang/Object;)I @ 1 c2
Event: 6.032 Thread 0x00000244f72d9660 DEOPT PACKING pc=0x000002448feee4d4 sp=0x0000008d49afc910
Event: 6.032 Thread 0x00000244f72d9660 DEOPT UNPACKING pc=0x000002448f9246a2 sp=0x0000008d49afc8a8 mode 2

Classes loaded (20 events):
Event: 6.031 Loading class java/time/format/DateTimeFormatterBuilder$StringLiteralPrinterParser
Event: 6.031 Loading class java/time/format/DateTimeFormatterBuilder$StringLiteralPrinterParser done
Event: 6.031 Loading class java/time/format/DateTimeFormatterBuilder$InstantPrinterParser
Event: 6.031 Loading class java/time/format/DateTimeFormatterBuilder$InstantPrinterParser done
Event: 6.032 Loading class java/time/format/DateTimeFormatterBuilder$1
Event: 6.032 Loading class java/time/format/DateTimeFormatterBuilder$1 done
Event: 6.032 Loading class java/time/format/DateTimeFormatterBuilder$TextPrinterParser
Event: 6.032 Loading class java/time/format/DateTimeFormatterBuilder$TextPrinterParser done
Event: 6.032 Loading class java/time/chrono/ChronoPeriod
Event: 6.032 Loading class java/time/chrono/ChronoPeriod done
Event: 6.032 Loading class java/time/Period
Event: 6.033 Loading class java/time/Period done
Event: 6.033 Loading class com/codeborne/selenide/CheckResult$Verdict
Event: 6.033 Loading class com/codeborne/selenide/CheckResult$Verdict done
Event: 6.034 Loading class java/time/Clock$SystemClock
Event: 6.034 Loading class java/time/Clock$SystemClock done
Event: 6.035 Loading class org/openqa/selenium/net/Urls
Event: 6.035 Loading class org/openqa/selenium/net/Urls done
Event: 6.036 Loading class java/net/URLEncoder
Event: 6.036 Loading class java/net/URLEncoder done

Classes unloaded (0 events):
No events

Classes redefined (1 events):
Event: 0.162 Thread 0x00000244ff17d6a0 redefined class name=java.lang.Throwable, count=1

Internal exceptions (20 events):
Event: 1.272 Thread 0x00000244f72d9660 Exception <a 'java/lang/NoSuchMethodError'{0x0000000710eb18f8}: 'int java.lang.invoke.Invokers$Holder.linkToTargetMethod(java.lang.Object, java.lang.Object, java.lang.Object)'> (0x0000000710eb18f8) 
thrown [s\open\src\hotspot\share\interpreter\linkResolver.cpp, line 773]
Event: 1.317 Thread 0x00000244f72d9660 Exception <a 'sun/nio/fs/WindowsException'{0x0000000710ffdf50}> (0x0000000710ffdf50) 
thrown [s\open\src\hotspot\share\prims\jni.cpp, line 520]
Event: 1.381 Thread 0x00000244e0377b10 Exception <a 'java/lang/NoSuchMethodError'{0x0000000712affdc0}: 'long java.lang.invoke.DelegatingMethodHandle$Holder.reinvoke_L(java.lang.Object, java.lang.Object)'> (0x0000000712affdc0) 
thrown [s\open\src\hotspot\share\interpreter\linkResolver.cpp, line 773]
Event: 1.506 Thread 0x00000244f72d9660 Exception <a 'java/lang/IncompatibleClassChangeError'{0x0000000712b1d338}: Found class java.lang.Object, but interface was expected> (0x0000000712b1d338) 
thrown [s\open\src\hotspot\share\interpreter\linkResolver.cpp, line 840]
Event: 1.507 Thread 0x00000244f72d9660 Exception <a 'java/lang/NoSuchMethodError'{0x0000000712b25970}: 'int java.lang.invoke.DirectMethodHandle$Holder.invokeSpecialIFC(java.lang.Object, java.lang.Object, java.lang.Object, java.lang.Object)'> (0x0000000712b25970) 
thrown [s\open\src\hotspot\share\interpreter\linkResolver.cpp, line 773]
Event: 1.527 Thread 0x00000244e149f170 Exception <a 'java/net/ConnectException'{0x0000000704f162e0}: Connection refused: getsockopt> (0x0000000704f162e0) 
thrown [s\open\src\hotspot\share\prims\jni.cpp, line 539]
Event: 1.560 Thread 0x00000244e149f170 Exception <a 'java/net/ConnectException'{0x0000000704f17ff8}: Connection refused: getsockopt> (0x0000000704f17ff8) 
thrown [s\open\src\hotspot\share\prims\jni.cpp, line 539]
Event: 1.616 Thread 0x00000244f72d9660 Exception <a 'java/lang/NoSuchMethodError'{0x0000000704c253b8}: 'java.lang.Object java.lang.invoke.DirectMethodHandle$Holder.newInvokeSpecial(java.lang.Object, java.lang.Object, int, int)'> (0x0000000704c253b8) 
thrown [s\open\src\hotspot\share\interpreter\linkResolver.cpp, line 773]
Event: 1.617 Thread 0x00000244f72d9660 Exception <a 'java/lang/NoSuchMethodError'{0x0000000704c2f870}: 'void java.lang.invoke.DirectMethodHandle$Holder.invokeStatic(java.lang.Object, java.lang.Object, int)'> (0x0000000704c2f870) 
thrown [s\open\src\hotspot\share\interpreter\linkResolver.cpp, line 773]
Event: 1.658 Thread 0x00000244e14a1f60 Exception <a 'java/lang/NoSuchMethodError'{0x0000000704a3f5d0}: 'java.lang.Object java.lang.invoke.DirectMethodHandle$Holder.invokeSpecial(java.lang.Object, java.lang.Object, java.lang.Object, java.lang.Object, int)'> (0x0000000704a3f5d0) 
thrown [s\open\src\hotspot\share\interpreter\linkResolver.cpp, line 773]
Event: 1.658 Thread 0x00000244e14a1f60 Exception <a 'java/lang/NoSuchMethodError'{0x0000000704a42f78}: 'java.lang.Object java.lang.invoke.Invokers$Holder.linkToTargetMethod(java.lang.Object, java.lang.Object, int, java.lang.Object)'> (0x0000000704a42f78) 
thrown [s\open\src\hotspot\share\interpreter\linkResolver.cpp, line 773]
Event: 1.675 Thread 0x00000244e14a1f60 Exception <a 'java/lang/NoSuchMethodError'{0x0000000704ab7108}: 'void java.lang.invoke.DirectMethodHandle$Holder.invokeSpecial(java.lang.Object, java.lang.Object, java.lang.Object, java.lang.Object, java.lang.Object)'> (0x0000000704ab7108) 
thrown [s\open\src\hotspot\share\interpreter\linkResolver.cpp, line 773]
Event: 1.687 Thread 0x00000244dff615b0 Exception <a 'java/lang/NoSuchMethodError'{0x0000000704b697e8}: 'int java.lang.invoke.DirectMethodHandle$Holder.invokeSpecialIFC(java.lang.Object, java.lang.Object, java.lang.Object, java.lang.Object, java.lang.Object)'> (0x0000000704b697e8) 
thrown [s\open\src\hotspot\share\interpreter\linkResolver.cpp, line 773]
Event: 2.366 Thread 0x00000244dff615b0 Exception <a 'java/lang/NoSuchMethodError'{0x0000000704864408}: 'java.lang.Object java.lang.invoke.DirectMethodHandle$Holder.newInvokeSpecial(java.lang.Object, java.lang.Object, long, java.lang.Object, java.lang.Object, java.lang.Object)'> (0x0000000704864408) 
thrown [s\open\src\hotspot\share\interpreter\linkResolver.cpp, line 773]
Event: 2.369 Thread 0x00000244dff615b0 Exception <a 'java/lang/NoSuchMethodError'{0x000000070487d3b0}: 'void java.lang.invoke.DirectMethodHandle$Holder.invokeSpecial(java.lang.Object, java.lang.Object, java.lang.Object, java.lang.Object, java.lang.Object, java.lang.Object, java.lang.Object)'> (0x000000070487d3b0) 
thrown [s\open\src\hotspot\share\interpreter\linkResolver.cpp, line 773]
Event: 2.380 Thread 0x00000244f72d9660 Exception <a 'java/lang/NoSuchMethodError'{0x0000000704cf36f0}: 'java.lang.Object java.lang.invoke.DirectMethodHandle$Holder.invokeSpecialIFC(java.lang.Object, java.lang.Object, java.lang.Object)'> (0x0000000704cf36f0) 
thrown [s\open\src\hotspot\share\interpreter\linkResolver.cpp, line 773]
Event: 2.485 Thread 0x00000244f72d9660 Exception <a 'java/lang/ClassNotFoundException'{0x0000000704485e10}: sun/util/logging/resources/spi/loggingProvider> (0x0000000704485e10) 
thrown [s\open\src\hotspot\share\classfile\systemDictionary.cpp, line 312]
Event: 5.672 Thread 0x00000244f72d9660 Exception <a 'java/lang/NoSuchMethodError'{0x0000000704593fe0}: 'java.lang.Object java.lang.invoke.DirectMethodHandle$Holder.newInvokeSpecial(java.lang.Object, java.lang.Object, long)'> (0x0000000704593fe0) 
thrown [s\open\src\hotspot\share\interpreter\linkResolver.cpp, line 773]
Event: 6.032 Thread 0x00000244f72d9660 Implicit null exception at 0x000002448fe9a5e6 to 0x000002448fe9a692
Event: 6.032 Thread 0x00000244f72d9660 Implicit null exception at 0x000002448feee440 to 0x000002448feee4c5

ZGC Phase Switch (0 events):
No events

VM Operations (20 events):
Event: 1.365 Executing VM operation: G1CollectForAllocation (G1 Evacuation Pause)
Event: 1.370 Executing VM operation: G1CollectForAllocation (G1 Evacuation Pause) done
Event: 1.373 Executing VM operation: HandshakeAllThreads (Deoptimize)
Event: 1.373 Executing VM operation: HandshakeAllThreads (Deoptimize) done
Event: 1.474 Executing VM operation: CollectForMetadataAllocation (Metadata GC Threshold)
Event: 1.477 Executing VM operation: CollectForMetadataAllocation (Metadata GC Threshold) done
Event: 1.484 Executing VM operation: G1PauseRemark
Event: 1.485 Executing VM operation: G1PauseRemark done
Event: 1.487 Executing VM operation: G1PauseCleanup
Event: 1.488 Executing VM operation: G1PauseCleanup done
Event: 1.595 Executing VM operation: HandshakeAllThreads (Deoptimize)
Event: 1.595 Executing VM operation: HandshakeAllThreads (Deoptimize) done
Event: 2.358 Executing VM operation: HandshakeAllThreads (Deoptimize)
Event: 2.358 Executing VM operation: HandshakeAllThreads (Deoptimize) done
Event: 2.360 Executing VM operation: HandshakeAllThreads (Deoptimize)
Event: 2.360 Executing VM operation: HandshakeAllThreads (Deoptimize) done
Event: 3.371 Executing VM operation: Cleanup
Event: 3.371 Executing VM operation: Cleanup done
Event: 5.382 Executing VM operation: Cleanup
Event: 5.382 Executing VM operation: Cleanup done

Events (20 events):
Event: 1.494 Thread 0x00000244dff60200 Thread added: 0x00000244dff60200
Event: 1.516 Thread 0x00000244e149eae0 Thread added: 0x00000244e149eae0
Event: 1.517 Thread 0x00000244e14a18d0 Thread added: 0x00000244e14a18d0
Event: 1.518 Thread 0x00000244e14a1240 Thread added: 0x00000244e14a1240
Event: 1.520 Thread 0x00000244e149f170 Thread added: 0x00000244e149f170
Event: 1.595 Thread 0x00000244e149f800 Thread added: 0x00000244e149f800
Event: 1.635 Thread 0x00000244e14a1f60 Thread added: 0x00000244e14a1f60
Event: 1.637 Thread 0x00000244e149fe90 Thread added: 0x00000244e149fe90
Event: 1.685 Thread 0x00000244dff615b0 Thread added: 0x00000244dff615b0
Event: 1.686 Thread 0x00000244e14a0520 Thread added: 0x00000244e14a0520
Event: 1.687 Thread 0x00000244e199ecf0 Thread added: 0x00000244e199ecf0
Event: 2.357 Thread 0x00000244e0adbb70 Thread exited: 0x00000244e0adbb70
Event: 2.359 Thread 0x00000244df165330 Thread exited: 0x00000244df165330
Event: 2.426 Thread 0x00000244e1999e30 Thread added: 0x00000244e1999e30
Event: 2.426 Thread 0x00000244e199bf00 Thread added: 0x00000244e199bf00
Event: 2.430 Thread 0x00000244e199c590 Thread added: 0x00000244e199c590
Event: 2.431 Thread 0x00000244e1999110 Thread added: 0x00000244e1999110
Event: 2.431 Thread 0x00000244e1997d60 Thread added: 0x00000244e1997d60
Event: 2.516 Thread 0x00000244e199f380 Thread added: 0x00000244e199f380
Event: 6.011 Thread 0x00000244e02a49e0 Thread added: 0x00000244e02a49e0


Dynamic libraries:
0x00007ff6d78c0000 - 0x00007ff6d78d0000 	C:\Program Files\Java\jdk-21\bin\java.exe
0x00007ff8cd350000 - 0x00007ff8cd567000 	C:\WINDOWS\SYSTEM32\ntdll.dll
0x00007ff8cb510000 - 0x00007ff8cb5d4000 	C:\WINDOWS\System32\KERNEL32.DLL
0x00007ff8caa30000 - 0x00007ff8cae02000 	C:\WINDOWS\System32\KERNELBASE.dll
0x00007ff8ca6f0000 - 0x00007ff8ca801000 	C:\WINDOWS\System32\ucrtbase.dll
0x00007ff8c5d80000 - 0x00007ff8c5d9b000 	C:\Program Files\Java\jdk-21\bin\VCRUNTIME140.dll
0x00007ff8c6fa0000 - 0x00007ff8c6fb9000 	C:\Program Files\Java\jdk-21\bin\jli.dll
0x00007ff8cb7e0000 - 0x00007ff8cb891000 	C:\WINDOWS\System32\ADVAPI32.dll
0x00007ff8cb610000 - 0x00007ff8cb6b7000 	C:\WINDOWS\System32\msvcrt.dll
0x00007ff8cb400000 - 0x00007ff8cb4a8000 	C:\WINDOWS\System32\sechost.dll
0x00007ff8ca810000 - 0x00007ff8ca838000 	C:\WINDOWS\System32\bcrypt.dll
0x00007ff8cc220000 - 0x00007ff8cc334000 	C:\WINDOWS\System32\RPCRT4.dll
0x00007ff8ccd10000 - 0x00007ff8ccec1000 	C:\WINDOWS\System32\USER32.dll
0x00007ff8ca4c0000 - 0x00007ff8ca4e6000 	C:\WINDOWS\System32\win32u.dll
0x00007ff8cb5e0000 - 0x00007ff8cb609000 	C:\WINDOWS\System32\GDI32.dll
0x00007ff8caeb0000 - 0x00007ff8cafd3000 	C:\WINDOWS\System32\gdi32full.dll
0x00007ff8cae10000 - 0x00007ff8caeaa000 	C:\WINDOWS\System32\msvcp_win.dll
0x00007ff8b1290000 - 0x00007ff8b152b000 	C:\WINDOWS\WinSxS\amd64_microsoft.windows.common-controls_6595b64144ccf1df_6.0.22621.5547_none_27104afb73855772\COMCTL32.dll
0x00007ff8c27f0000 - 0x00007ff8c27fa000 	C:\WINDOWS\SYSTEM32\VERSION.dll
0x00007ff8cccd0000 - 0x00007ff8ccd01000 	C:\WINDOWS\System32\IMM32.DLL
0x00007ff8c5480000 - 0x00007ff8c548c000 	C:\Program Files\Java\jdk-21\bin\vcruntime140_1.dll
0x00007ff89f180000 - 0x00007ff89f20e000 	C:\Program Files\Java\jdk-21\bin\msvcp140.dll
0x00007ff826240000 - 0x00007ff826f57000 	C:\Program Files\Java\jdk-21\bin\server\jvm.dll
0x00007ff8cb240000 - 0x00007ff8cb2b1000 	C:\WINDOWS\System32\WS2_32.dll
0x00007ff8ca320000 - 0x00007ff8ca36d000 	C:\WINDOWS\SYSTEM32\POWRPROF.dll
0x00007ff8c4ea0000 - 0x00007ff8c4ed4000 	C:\WINDOWS\SYSTEM32\WINMM.dll
0x00007ff8ca2f0000 - 0x00007ff8ca303000 	C:\WINDOWS\SYSTEM32\UMPDC.dll
0x00007ff8c9430000 - 0x00007ff8c9448000 	C:\WINDOWS\SYSTEM32\kernel.appcore.dll
0x00007ff8c5470000 - 0x00007ff8c547a000 	C:\Program Files\Java\jdk-21\bin\jimage.dll
0x00007ff8c7d60000 - 0x00007ff8c7f93000 	C:\WINDOWS\SYSTEM32\DBGHELP.DLL
0x00007ff8ccf40000 - 0x00007ff8cd2d3000 	C:\WINDOWS\System32\combase.dll
0x00007ff8cc340000 - 0x00007ff8cc417000 	C:\WINDOWS\System32\OLEAUT32.dll
0x00007ff8c1b30000 - 0x00007ff8c1b62000 	C:\WINDOWS\SYSTEM32\dbgcore.DLL
0x00007ff8ca9b0000 - 0x00007ff8caa2b000 	C:\WINDOWS\System32\bcryptPrimitives.dll
0x00007ff8c5460000 - 0x00007ff8c546f000 	C:\Program Files\Java\jdk-21\bin\instrument.dll
0x00007ff8c50a0000 - 0x00007ff8c50bf000 	C:\Program Files\Java\jdk-21\bin\java.dll
0x00007ff8c4ee0000 - 0x00007ff8c4ef8000 	C:\Program Files\Java\jdk-21\bin\zip.dll
0x00007ff8cc420000 - 0x00007ff8cccc2000 	C:\WINDOWS\System32\SHELL32.dll
0x00007ff8ca4f0000 - 0x00007ff8ca62f000 	C:\WINDOWS\System32\wintypes.dll
0x00007ff8c8320000 - 0x00007ff8c8c3d000 	C:\WINDOWS\SYSTEM32\windows.storage.dll
0x00007ff8cb2d0000 - 0x00007ff8cb3dc000 	C:\WINDOWS\System32\SHCORE.dll
0x00007ff8cced0000 - 0x00007ff8ccf39000 	C:\WINDOWS\System32\shlwapi.dll
0x00007ff8ca370000 - 0x00007ff8ca39b000 	C:\WINDOWS\SYSTEM32\profapi.dll
0x00007ff89e9e0000 - 0x00007ff89eab7000 	C:\Program Files\Java\jdk-21\bin\jsvml.dll
0x00007ff8c37f0000 - 0x00007ff8c3800000 	C:\Program Files\Java\jdk-21\bin\net.dll
0x00007ff8c55b0000 - 0x00007ff8c56dc000 	C:\WINDOWS\SYSTEM32\WINHTTP.dll
0x00007ff8c98b0000 - 0x00007ff8c9919000 	C:\WINDOWS\system32\mswsock.dll
0x00007ff8c2b20000 - 0x00007ff8c2b36000 	C:\Program Files\Java\jdk-21\bin\nio.dll
0x00007ff8c2ab0000 - 0x00007ff8c2aca000 	D:\New folder\IntelliJ IDEA 2024.3.1.1\bin\breakgen64.dll
0x00007ff8c37e0000 - 0x00007ff8c37e9000 	C:\Program Files\Java\jdk-21\bin\extnet.dll
0x00007ff8c8f10000 - 0x00007ff8c9008000 	C:\WINDOWS\SYSTEM32\DNSAPI.dll
0x00007ff8c8ee0000 - 0x00007ff8c8f0d000 	C:\WINDOWS\SYSTEM32\IPHLPAPI.DLL
0x00007ff8cc1c0000 - 0x00007ff8cc1c9000 	C:\WINDOWS\System32\NSI.dll
0x00007ff8c1f80000 - 0x00007ff8c1f8a000 	C:\Windows\System32\rasadhlp.dll
0x00007ff8c2c50000 - 0x00007ff8c2cd4000 	C:\WINDOWS\System32\fwpuclnt.dll
0x00007ff8c2b90000 - 0x00007ff8c2b9a000 	C:\Program Files\Java\jdk-21\bin\management.dll
0x00007ff8c1760000 - 0x00007ff8c176b000 	C:\Program Files\Java\jdk-21\bin\management_ext.dll
0x00007ff8cd2e0000 - 0x00007ff8cd2e8000 	C:\WINDOWS\System32\PSAPI.DLL
0x00007ff8c9ad0000 - 0x00007ff8c9aeb000 	C:\WINDOWS\SYSTEM32\CRYPTSP.dll
0x00007ff8c9390000 - 0x00007ff8c93c7000 	C:\WINDOWS\system32\rsaenh.dll
0x00007ff8c9970000 - 0x00007ff8c9998000 	C:\WINDOWS\SYSTEM32\USERENV.dll
0x00007ff8c9af0000 - 0x00007ff8c9afc000 	C:\WINDOWS\SYSTEM32\CRYPTBASE.dll
0x00007ff89b740000 - 0x00007ff89b757000 	C:\WINDOWS\system32\napinsp.dll
0x00007ff884120000 - 0x00007ff88413b000 	C:\WINDOWS\system32\pnrpnsp.dll
0x00007ff883690000 - 0x00007ff8836a1000 	C:\WINDOWS\System32\winrnr.dll
0x00007ff8c2d30000 - 0x00007ff8c2d4f000 	C:\WINDOWS\system32\wshbth.dll
0x00007ff883580000 - 0x00007ff8835a1000 	C:\WINDOWS\system32\nlansp_c.dll
0x00007ff8aaaa0000 - 0x00007ff8aaaf0000 	C:\WINDOWS\SYSTEM32\pdh.dll
0x00007ff8b1c70000 - 0x00007ff8b1c81000 	C:\WINDOWS\System32\perfproc.dll
0x00007ff8aa3a0000 - 0x00007ff8aa3b0000 	C:\WINDOWS\System32\perfos.dll
0x00007ff8c7670000 - 0x00007ff8c7680000 	C:\WINDOWS\SYSTEM32\pfclient.dll
0x00007ff8c1750000 - 0x00007ff8c175e000 	C:\Program Files\Java\jdk-21\bin\sunmscapi.dll
0x00007ff8ca840000 - 0x00007ff8ca9a7000 	C:\WINDOWS\System32\CRYPT32.dll
0x00007ff8c9ce0000 - 0x00007ff8c9d0d000 	C:\WINDOWS\SYSTEM32\ncrypt.dll
0x00007ff8c9ca0000 - 0x00007ff8c9cd7000 	C:\WINDOWS\SYSTEM32\NTASN1.dll
0x00007ff8855a0000 - 0x00007ff8855a8000 	C:\WINDOWS\system32\wshunix.dll

dbghelp: loaded successfully - version: 4.0.5 - missing functions: none
symbol engine: initialized successfully - sym options: 0x614 - pdb path: .;C:\Program Files\Java\jdk-21\bin;C:\WINDOWS\SYSTEM32;C:\WINDOWS\WinSxS\amd64_microsoft.windows.common-controls_6595b64144ccf1df_6.0.22621.5547_none_27104afb73855772;C:\Program Files\Java\jdk-21\bin\server;D:\New folder\IntelliJ IDEA 2024.3.1.1\bin

VM Arguments:
jvm_args: -ea -Didea.test.cyclic.buffer.size=1048576 -javaagent:D:\New folder\IntelliJ IDEA 2024.3.1.1\lib\idea_rt.jar=58224:D:\New folder\IntelliJ IDEA 2024.3.1.1\bin -javaagent:C:\Users\topla\AppData\Local\JetBrains\IntelliJIdea2024.3\captureAgent\debugger-agent.jar -Dkotlinx.coroutines.debug.enable.creation.stack.trace=false -Ddebugger.agent.enable.coroutines=true -Dkotlinx.coroutines.debug.enable.flows.stack.trace=true -Dkotlinx.coroutines.debug.enable.mutable.state.flows.stack.trace=true -Dfile.encoding=UTF-8 -Dsun.stdout.encoding=UTF-8 -Dsun.stderr.encoding=UTF-8 
java_command: com.intellij.rt.testng.RemoteTestNGStarter -usedefaultlisteners false -socket58223 @w@C:\Users\topla\AppData\Local\Temp\idea_working_dirs_testng.tmp -temp C:\Users\topla\AppData\Local\Temp\idea_testng.tmp
java_class_path (initial): D:\New folder\IntelliJ IDEA 2024.3.1.1\lib\idea_rt.jar;D:\New folder\IntelliJ IDEA 2024.3.1.1\plugins\testng\lib\testng-rt.jar;C:\Users\topla\Desktop\selenide-homework\target\test-classes;C:\Users\topla\Desktop\selenide-homework\target\classes;C:\Users\topla\.m2\repository\org\testng\testng\7.11.0\testng-7.11.0.jar;C:\Users\topla\.m2\repository\org\slf4j\slf4j-api\2.0.16\slf4j-api-2.0.16.jar;C:\Users\topla\.m2\repository\org\jcommander\jcommander\1.83\jcommander-1.83.jar;C:\Users\topla\.m2\repository\org\webjars\jquery\3.7.1\jquery-3.7.1.jar;C:\Users\topla\.m2\repository\com\codeborne\selenide\7.9.4\selenide-7.9.4.jar;C:\Users\topla\.m2\repository\org\seleniumhq\selenium\selenium-java\4.34.0\selenium-java-4.34.0.jar;C:\Users\topla\.m2\repository\org\seleniumhq\selenium\selenium-api\4.34.0\selenium-api-4.34.0.jar;C:\Users\topla\.m2\repository\org\seleniumhq\selenium\selenium-chrome-driver\4.34.0\selenium-chrome-driver-4.34.0.jar;C:\Users\topla\.m2\repository\com\google\auto\service\auto-service-annotations\1.1.1\auto-service-annotations-1.1.1.jar;C:\Users\topla\.m2\repository\org\seleniumhq\selenium\selenium-chromium-driver\4.34.0\selenium-chromium-driver-4.34.0.jar;C:\Users\topla\.m2\repository\org\seleniumhq\selenium\selenium-json\4.34.0\selenium-json-4.34.0.jar;C:\Users\topla\.m2\repository\org\seleniumhq\selenium\selenium-manager\4.34.0\selenium-manager-4.34.0.jar;C:\Users\topla\.m2\repository\org\seleniumhq\selenium\selenium-devtools-v136\4.34.0\selenium-devtools-v136-4.34.0.jar;C:\Users\topla\.m2\repository\org\seleniumhq\selenium\selenium-devtools-v137\4.34.0\selenium-devtools-v137-4.34.0.jar;C:\Users\topla\.m2\repository\org\seleniumhq\selenium\selenium-devtools-v138\4.34.0\selenium-devtools-v138-4.34.0.jar;C:\Users\topla\.m2\repository\org\seleniumhq\selenium\selenium-edge-driver\4.34.0\selenium-edge-driver-4.34.0.jar;C:\Users\topla\.m2\repository\org\seleniumhq\selenium\selenium-firefox-driver\4.34.0\selenium-firefox-driver-4.34.0.jar;C:\Users\topla\.m2\repository\org\seleniumhq\selenium\selenium-http\4.34.0\selenium-http-4.34.0.jar;C:\Users\topla\.m2\repository\org\seleniumhq\selenium\selenium-ie-driver\4.34.0\selenium-ie-driver-4.34.0.jar;C:\Users\topla\.m2\repository\org\seleniumhq\selenium\selenium-remote-driver\4.34.0\selenium-remote-driver-4.34.0.jar;C:\Users\topla\.m2\repository\io\opentelemetry\opentelemetry-api\1.51.0\opentelemetry-api-1.51.0.jar;C:\Users\topla\.m2\repository\io\opentelemetry\opentelemetry-context\1.51.0\opentelemetry-context-1.51.0.jar;C:\Users\topla\.m2\repository\io\opentelemetry\opentelemetry-exporter-logging\1.51.0\opentelemetry-exporter-logging-1.51.0.jar;C:\Users\topla\.m2\repository\io\opentelemetry\opentelemetry-sdk-common\1.51.0\opentelemetry-sdk-common-1.51.0.jar;C:\Users\topla\.m2\repository\io\opentelemetry\opentelemetry-sdk-extension-autoconfigure-spi\1.51.0\opentelemetry-sdk-extension-autoconfigure-spi-1.51.0.jar;C:\Users\topla\.m2\repository\io\opentelemetry\opentelemetry-sdk-extension-autoconfigure\1.51.0\opentelemetry-sdk-extension-autoconfigure-1.51.0.jar;C:\Users\topla\.m2\repository\io\opentelemetry\opentelemetry-sdk-trace\1.51.0\opentelemetry-sdk-trace-1.51.0.jar;C:\Users\topla\.m2\repository\io\opentelemetry\opentelemetry-sdk\1.51.0\opentelemetry-sdk-1.51.0.jar;C:\Users\topla\.m2\repository\io\opentelemetry\opentelemetry-sdk-metrics\1.51.0\opentelemetry-sdk-metrics-1.51.0.jar;C:\Users\topla\.m2\repository\io\opentelemetry\opentelemetry-sdk-logs\1.51.0\opentelemetry-sdk-logs-1.51.0.jar;C:\Users\topla\.m2\repository\net\bytebuddy\byte-buddy\1.17.6\byte-buddy-1.17.6.jar;C:\Users\topla\.m2\repository\org\seleniumhq\selenium\selenium-os\4.34.0\selenium-os-4.34.0.jar;C:\Users\topla\.m2\repository\org\apache\commons\commons-exec\1.5.0\commons-exec-1.5.0.jar;C:\Users\topla\.m2\repository\org\seleniumhq\selenium\selenium-safari-driver\4.34.0\selenium-safari-driver-4.34.0.jar;C:\Users\topla\.m2\repository\org\seleniumhq\selenium\selenium-support\4.34.0\selenium-support-4.34.0.jar;C:\Users\topla\.m2\repository\com\codeborne\selenide-core\7.9.4\selenide-core-7.9.4.jar;C:\Users\topla\.m2\repository\org\opentest4j\opentest4j\1.3.0\opentest4j-1.3.0.jar;C:\Users\topla\.m2\repository\org\apache\httpcomponents\client5\httpclient5\5.5\httpclient5-5.5.jar;C:\Users\topla\.m2\repository\org\apache\httpcomponents\core5\httpcore5\5.3.4\httpcore5-5.3.4.jar;C:\Users\topla\.m2\repository\org\apache\httpcomponents\core5\httpcore5-h2\5.3.4\httpcore5-h2-5.3.4.jar;C:\Users\topla\.m2\repository\com\github\valfirst\browserup-proxy\browserup-proxy-core\3.2.0\browserup-proxy-core-3.2.0.jar;C:\Users\topla\.m2\repository\org\jspecify\jspecify\1.0.0\jspecify-1.0.0.jar;C:\Users\topla\.m2\repository\com\google\errorprone\error_prone_annotations\2.39.0\error_prone_annotations-2.39.0.jar;C:\Users\topla\.m2\repository\com\google\guava\guava\33.4.8-jre\guava-33.4.8-jre.jar;C:\Users\topla\.m2\repository\com\google\guava\failureaccess\1.0.3\failureaccess-1.0.3.jar;C:\Users\topla\.m2\repository\com\google\guava\listenablefuture\9999.0-empty-to-avoid-conflict-with-guava\listenablefuture-9999.0-empty-to-avoid-conflict-with-guava.jar;C:\Users\topla\.m2\repository\com\google\j2objc\j2objc-annotations\3.0.0\j2objc-annotations-3.0.0.jar;C:\Users\topla\.m2\repository\org\apache\commons\commons-lang3\3.17.0\commons-lang3-3.17.0.jar;C:\Users\topla\.m2\repository\commons-io\commons-io\2.19.0\commons-io-2.19.0.jar
Launcher Type: SUN_STANDARD

[Global flags]
     intx CICompilerCount                          = 4                                         {product} {ergonomic}
     uint ConcGCThreads                            = 2                                         {product} {ergonomic}
     uint G1ConcRefinementThreads                  = 8                                         {product} {ergonomic}
   size_t G1HeapRegionSize                         = 2097152                                   {product} {ergonomic}
    uintx GCDrainStackTargetSize                   = 64                                        {product} {ergonomic}
   size_t InitialHeapSize                          = 266338304                                 {product} {ergonomic}
   size_t MarkStackSize                            = 4194304                                   {product} {ergonomic}
   size_t MaxHeapSize                              = 4246732800                                {product} {ergonomic}
   size_t MaxNewSize                               = 2548039680                                {product} {ergonomic}
   size_t MinHeapDeltaBytes                        = 2097152                                   {product} {ergonomic}
   size_t MinHeapSize                              = 8388608                                   {product} {ergonomic}
    uintx NonNMethodCodeHeapSize                   = 5839372                                {pd product} {ergonomic}
    uintx NonProfiledCodeHeapSize                  = 122909434                              {pd product} {ergonomic}
    uintx ProfiledCodeHeapSize                     = 122909434                              {pd product} {ergonomic}
    uintx ReservedCodeCacheSize                    = 251658240                              {pd product} {ergonomic}
     bool SegmentedCodeCache                       = true                                      {product} {ergonomic}
   size_t SoftMaxHeapSize                          = 4246732800                             {manageable} {ergonomic}
     bool UseCompressedOops                        = true                           {product lp64_product} {ergonomic}
     bool UseG1GC                                  = true                                      {product} {ergonomic}
     bool UseLargePagesIndividualAllocation        = false                                  {pd product} {ergonomic}

Logging:
Log output configuration:
 #0: stdout all=warning uptime,level,tags foldmultilines=false
 #1: stderr all=off uptime,level,tags foldmultilines=false

Environment Variables:
PATH=d:\cursor\resources\app\bin;D:\SQL\app\oracle\product\11.2.0\server\bin;C:\Program Files\Common Files\Oracle\Java\javapath;C:\Windows\system32;C:\Windows;C:\Windows\System32\Wbem;C:\Windows\System32\WindowsPowerShell\v1.0\;C:\Windows\System32\OpenSSH\;C:\Program Files (x86)\NVIDIA Corporation\PhysX\Common;C:\Program Files\NVIDIA Corporation\NVIDIA NvDLISR;C:\WINDOWS\system32;C:\WINDOWS;C:\WINDOWS\System32\Wbem;C:\WINDOWS\System32\WindowsPowerShell\v1.0\;C:\WINDOWS\System32\OpenSSH\;C:\Program Files\Git\cmd;C:\Users\topla\Desktop\apache-maven-3.9.9-bin\apache-maven-3.9.9\bin;C:\Users\topla\AppData\Local\Programs\Python\Python313\Scripts\;C:\Users\topla\AppData\Local\Programs\Python\Python313\;C:\Users\topla\AppData\Local\Programs\Python\Launcher\;C:\Users\topla\AppData\Local\Microsoft\WindowsApps;D:\New folder\IntelliJ IDEA 2024.3.1.1\bin;;D:\New folder\PyCharm 2025.1\bin;;D:\cursor\resources\app\bin;d:\cursor\resources\app\bin;C:\Program Files\nodejs\;C:\Users\topla\AppData\Local\Programs\Python\Python313\Scripts\;C:\Users\topla\AppData\Local\Programs\Python\Python313\;C:\Users\topla\AppData\Local\Programs\Python\Launcher\;C:\Users\topla\AppData\Local\Microsoft\WindowsApps;C:\Users\topla\AppData\Local\Programs\Microsoft VS Code\bin;D:\New folder\IntelliJ IDEA 2024.3.1.1\bin;;D:\New folder\PyCharm 2025.1\bin;;D:\cursor\resources\app\bin;C:\Users\topla\AppData\Roaming\npm
USERNAME=DELL G7
OS=Windows_NT
PROCESSOR_IDENTIFIER=Intel64 Family 6 Model 158 Stepping 10, GenuineIntel
TMP=C:\Users\topla\AppData\Local\Temp
TEMP=C:\Users\topla\AppData\Local\Temp




Periodic native trim disabled

---------------  S Y S T E M  ---------------

OS:
 Windows 11 , 64 bit Build 22621 (10.0.22621.5415)
OS uptime: 12 days 0:29 hours
Hyper-V role detected

CPU: total 8 (initial active 8) (4 cores per cpu, 2 threads per core) family 6 model 158 stepping 10 microcode 0xf0, cx8, cmov, fxsr, ht, mmx, 3dnowpref, sse, sse2, sse3, ssse3, sse4.1, sse4.2, popcnt, lzcnt, tsc, tscinvbit, avx, avx2, aes, erms, clmul, bmi1, bmi2, adx, fma, vzeroupper, clflush, clflushopt, hv, rdtscp, f16c
Processor Information for all 8 processors :
  Max Mhz: 2400, Current Mhz: 2400, Mhz Limit: 2400

Memory: 4k page, system-wide physical 16197M (1007M free)
TotalPageFile size 29084M (AvailPageFile size 133M)
current process WorkingSet (physical memory assigned to process): 144M, peak: 150M
current process commit charge ("private bytes"): 195M, peak: 406M

vm_info: Java HotSpot(TM) 64-Bit Server VM (21.0.2+13-LTS-58) for windows-amd64 JRE (21.0.2+13-LTS-58), built on 2024-01-05T18:32:24Z by "mach5one" with MS VC++ 17.1 (VS2022)

END.
